2024-04-18 13:48:02,130 INFO  [org.jboss.as.server.deployment.scanner] (MSC service thread 1-2) WFLYDS0013: Started FileSystemDeploymentService for directory C:\Users\Aluno\Desktop\Nova pasta\wildfly-31.0.1.Final\standalone\deployments
2024-04-18 13:48:02,230 INFO  [org.jboss.as.ejb3] (MSC service thread 1-4) WFLYEJB0493: Jakarta Enterprise Beans subsystem suspension complete
2024-04-18 13:48:02,379 INFO  [org.jboss.as.connector.subsystems.datasources] (MSC service thread 1-3) WFLYJCA0001: Bound data source [java:jboss/datasources/ExampleDS]
2024-04-18 13:48:02,386 INFO  [org.jboss.ws.common.management] (MSC service thread 1-6) JBWS022052: Starting JBossWS 7.0.0.Final (Apache CXF 4.0.0) 
2024-04-18 13:48:02,505 INFO  [org.jboss.as.server] (Controller Boot Thread) WFLYSRV0212: Resuming server
2024-04-18 13:48:02,510 INFO  [org.jboss.as] (Controller Boot Thread) WFLYSRV0060: Http management interface listening on http://127.0.0.1:9990/management
2024-04-18 13:48:02,510 INFO  [org.jboss.as] (Controller Boot Thread) WFLYSRV0051: Admin console listening on http://127.0.0.1:9990
2024-04-18 13:48:02,511 INFO  [org.jboss.as] (Controller Boot Thread) WFLYSRV0025: WildFly Full 31.0.1.Final (WildFly Core 23.0.3.Final) started in 4557ms - Started 280 of 522 services (317 services are lazy, passive or on-demand) - Server configuration file in use: standalone.xml
2024-04-18 14:03:24,784 INFO  [org.jboss.as.server] (management-handler-thread - 2) WFLYSRV0272: Suspending server
2024-04-18 14:03:24,793 INFO  [org.jboss.as.ejb3] (management-handler-thread - 2) WFLYEJB0493: Jakarta Enterprise Beans subsystem suspension complete
2024-04-18 14:03:24,794 INFO  [org.jboss.as.server] (Management Triggered Shutdown) WFLYSRV0241: Shutting down in response to management operation 'shutdown'
2024-04-18 14:03:24,818 INFO  [org.jboss.as.connector.subsystems.datasources] (MSC service thread 1-7) WFLYJCA0010: Unbound data source [java:jboss/datasources/ExampleDS]
2024-04-18 14:03:24,818 INFO  [org.jboss.as.mail.extension] (MSC service thread 1-2) WFLYMAIL0002: Unbound mail session [java:jboss/mail/Default]
2024-04-18 14:03:24,819 INFO  [org.wildfly.extension.undertow] (MSC service thread 1-7) WFLYUT0019: Host default-host stopping
2024-04-18 14:03:24,823 INFO  [org.wildfly.extension.undertow] (MSC service thread 1-8) WFLYUT0008: Undertow HTTPS listener https suspending
2024-04-18 14:03:24,823 INFO  [org.wildfly.extension.undertow] (MSC service thread 1-8) WFLYUT0007: Undertow HTTPS listener https stopped, was bound to 127.0.0.1:8443
2024-04-18 14:03:24,824 INFO  [org.wildfly.extension.undertow] (MSC service thread 1-6) WFLYUT0008: Undertow HTTP listener default suspending
2024-04-18 14:03:24,826 INFO  [org.wildfly.extension.undertow] (MSC service thread 1-6) WFLYUT0007: Undertow HTTP listener default stopped, was bound to 127.0.0.1:8080
2024-04-18 14:03:24,828 INFO  [org.wildfly.extension.undertow] (MSC service thread 1-7) WFLYUT0004: Undertow 2.3.12.Final stopping
2024-04-18 14:03:24,839 INFO  [org.jboss.as.connector.deployers.jdbc] (MSC service thread 1-5) WFLYJCA0019: Stopped Driver service with driver-name = h2
2024-04-18 14:03:24,852 INFO  [org.jboss.as] (MSC service thread 1-1) WFLYSRV0050: WildFly Full 31.0.1.Final (WildFly Core 23.0.3.Final) stopped in 48ms
2024-04-18 14:06:52,948 INFO  [org.jboss.as.server.deployment.scanner] (MSC service thread 1-2) WFLYDS0013: Started FileSystemDeploymentService for directory C:\Users\Aluno\Desktop\Nova pasta\avaliador-alunos\wildfly-31.0.1.Final\standalone\deployments
2024-04-18 14:06:53,068 INFO  [org.wildfly.extension.undertow] (MSC service thread 1-5) WFLYUT0006: Undertow HTTPS listener https listening on 127.0.0.1:8443
2024-04-18 14:06:53,189 INFO  [org.jboss.as.ejb3] (MSC service thread 1-3) WFLYEJB0493: Jakarta Enterprise Beans subsystem suspension complete
2024-04-18 14:06:53,242 INFO  [org.jboss.ws.common.management] (MSC service thread 1-6) JBWS022052: Starting JBossWS 7.0.0.Final (Apache CXF 4.0.0) 
2024-04-18 14:06:53,326 INFO  [org.jboss.as.connector.subsystems.datasources] (MSC service thread 1-2) WFLYJCA0001: Bound data source [java:jboss/datasources/ExampleDS]
2024-04-18 14:06:53,499 INFO  [org.jboss.as.server] (Controller Boot Thread) WFLYSRV0212: Resuming server
2024-04-18 14:06:53,505 INFO  [org.jboss.as] (Controller Boot Thread) WFLYSRV0060: Http management interface listening on http://127.0.0.1:9990/management
2024-04-18 14:06:53,506 INFO  [org.jboss.as] (Controller Boot Thread) WFLYSRV0051: Admin console listening on http://127.0.0.1:9990
2024-04-18 14:06:53,508 INFO  [org.jboss.as] (Controller Boot Thread) WFLYSRV0025: WildFly Full 31.0.1.Final (WildFly Core 23.0.3.Final) started in 5196ms - Started 280 of 522 services (317 services are lazy, passive or on-demand) - Server configuration file in use: standalone.xml
2024-04-18 14:07:59,447 INFO  [org.jboss.as.server] (management-handler-thread - 1) WFLYSRV0272: Suspending server
2024-04-18 14:07:59,454 INFO  [org.jboss.as.ejb3] (management-handler-thread - 1) WFLYEJB0493: Jakarta Enterprise Beans subsystem suspension complete
2024-04-18 14:07:59,461 INFO  [org.jboss.as.server] (Management Triggered Shutdown) WFLYSRV0241: Shutting down in response to management operation 'shutdown'
2024-04-18 14:07:59,483 INFO  [org.jboss.as.connector.subsystems.datasources] (MSC service thread 1-8) WFLYJCA0010: Unbound data source [java:jboss/datasources/ExampleDS]
2024-04-18 14:07:59,484 INFO  [org.jboss.as.mail.extension] (MSC service thread 1-5) WFLYMAIL0002: Unbound mail session [java:jboss/mail/Default]
2024-04-18 14:07:59,485 INFO  [org.wildfly.extension.undertow] (MSC service thread 1-1) WFLYUT0019: Host default-host stopping
2024-04-18 14:07:59,489 INFO  [org.wildfly.extension.undertow] (MSC service thread 1-4) WFLYUT0008: Undertow HTTP listener default suspending
2024-04-18 14:07:59,490 INFO  [org.wildfly.extension.undertow] (MSC service thread 1-4) WFLYUT0007: Undertow HTTP listener default stopped, was bound to 127.0.0.1:8080
2024-04-18 14:07:59,489 INFO  [org.wildfly.extension.undertow] (MSC service thread 1-3) WFLYUT0008: Undertow HTTPS listener https suspending
2024-04-18 14:07:59,492 INFO  [org.wildfly.extension.undertow] (MSC service thread 1-3) WFLYUT0007: Undertow HTTPS listener https stopped, was bound to 127.0.0.1:8443
2024-04-18 14:07:59,495 INFO  [org.jboss.as.connector.deployers.jdbc] (MSC service thread 1-4) WFLYJCA0019: Stopped Driver service with driver-name = h2
2024-04-18 14:07:59,495 INFO  [org.wildfly.extension.undertow] (MSC service thread 1-8) WFLYUT0004: Undertow 2.3.12.Final stopping
2024-04-18 14:07:59,542 INFO  [org.jboss.as] (MSC service thread 1-5) WFLYSRV0050: WildFly Full 31.0.1.Final (WildFly Core 23.0.3.Final) stopped in 73ms
2024-04-18 14:08:05,623 INFO  [org.jboss.modules] (main) JBoss Modules version 2.1.2.Final
2024-04-18 14:08:06,493 INFO  [org.jboss.msc] (main) JBoss MSC version 1.5.2.Final
2024-04-18 14:08:06,509 INFO  [org.jboss.threads] (main) JBoss Threads version 2.4.0.Final
2024-04-18 14:08:06,643 INFO  [org.jboss.as] (MSC service thread 1-2) WFLYSRV0049: WildFly Full 31.0.1.Final (WildFly Core 23.0.3.Final) starting
2024-04-18 14:08:06,644 DEBUG [org.jboss.as.config] (MSC service thread 1-2) Configured system properties:
	file.encoding = UTF-8
	file.separator = \
	java.awt.headless = true
	java.class.path = C:\Users\Aluno\Desktop\Nova pasta\avaliador-alunos\wildfly-31.0.1.Final\jboss-modules.jar
	java.class.version = 65.0
	java.home = C:\Program Files\Microsoft\jdk-21.0.2.13-hotspot
	java.io.tmpdir = C:\Users\Aluno\AppData\Local\Temp\
	java.library.path = C:\Program Files\Microsoft\jdk-21.0.2.13-hotspot\bin;C:\Windows\Sun\Java\bin;C:\Windows\system32;C:\Windows;C:\Program Files\Microsoft\jdk-21.0.2.13-hotspot\bin;C:\Program Files\Microsoft\jdk-17.0.10.7-hotspot\bin;C:\Program Files (x86)\Common Files\Oracle\Java\javapath;C:\Windows\system32;C:\Windows;C:\Windows\System32\Wbem;C:\Windows\System32\WindowsPowerShell\v1.0\;C:\Windows\System32\OpenSSH\;C:\Program Files\SQL Anywhere 16\Bin64;C:\Program Files\SQL Anywhere 16\Bin32;C:\Program Files\SQL Anywhere 17\Bin64;C:\Program Files\SQL Anywhere 17\Bin32;C:\Program Files\SQL Anywhere 17\Scripts;C:\Program Files\Docker\Docker\resources\bin;C:\flutter\bin;C:\Program Files\Git\cmd;C:\Program Files\Microsoft VS Code\bin;C:\Program Files\PowerShell\7\;C:\Users\Aluno\AppData\Local\Microsoft\WindowsApps;;.
	java.net.preferIPv4Stack = true
	java.runtime.name = OpenJDK Runtime Environment
	java.runtime.version = 21.0.2+13-LTS
	java.security.manager = allow
	java.specification.name = Java Platform API Specification
	java.specification.vendor = Oracle Corporation
	java.specification.version = 21
	java.util.logging.manager = org.jboss.logmanager.LogManager
	java.vendor = Microsoft
	java.vendor.url = https://www.microsoft.com
	java.vendor.url.bug = https://github.com/microsoft/openjdk/issues
	java.vendor.version = Microsoft-8905927
	java.version = 21.0.2
	java.version.date = 2024-01-16
	java.vm.compressedOopsMode = 32-bit
	java.vm.info = mixed mode, sharing
	java.vm.name = OpenJDK 64-Bit Server VM
	java.vm.specification.name = Java Virtual Machine Specification
	java.vm.specification.vendor = Oracle Corporation
	java.vm.specification.version = 21
	java.vm.vendor = Microsoft
	java.vm.version = 21.0.2+13-LTS
	javax.management.builder.initial = org.jboss.as.jmx.PluggableMBeanServerBuilder
	jboss.home.dir = C:\Users\Aluno\Desktop\Nova pasta\avaliador-alunos\wildfly-31.0.1.Final
	jboss.host.name = cpufsm-295401
	jboss.modules.system.pkgs = org.jboss.byteman
	jboss.node.name = cpufsm-295401
	jboss.qualified.host.name = cpufsm-295401
	jboss.server.base.dir = C:\Users\Aluno\Desktop\Nova pasta\avaliador-alunos\wildfly-31.0.1.Final\standalone
	jboss.server.config.dir = C:\Users\Aluno\Desktop\Nova pasta\avaliador-alunos\wildfly-31.0.1.Final\standalone\configuration
	jboss.server.data.dir = C:\Users\Aluno\Desktop\Nova pasta\avaliador-alunos\wildfly-31.0.1.Final\standalone\data
	jboss.server.log.dir = C:\Users\Aluno\Desktop\Nova pasta\avaliador-alunos\wildfly-31.0.1.Final\standalone\log
	jboss.server.name = cpufsm-295401
	jboss.server.persist.config = true
	jboss.server.temp.dir = C:\Users\Aluno\Desktop\Nova pasta\avaliador-alunos\wildfly-31.0.1.Final\standalone\tmp
	jdk.debug = release
	jdk.serialFilter = maxbytes=10485760;maxdepth=128;maxarray=100000;maxrefs=300000
	line.separator = 

	logging.configuration = file:C:\Users\Aluno\Desktop\Nova pasta\avaliador-alunos\wildfly-31.0.1.Final\standalone\configuration/logging.properties
	module.path = C:\Users\Aluno\Desktop\Nova pasta\avaliador-alunos\wildfly-31.0.1.Final\modules
	native.encoding = Cp1252
	org.jboss.boot.log.file = C:\Users\Aluno\Desktop\Nova pasta\avaliador-alunos\wildfly-31.0.1.Final\standalone\log\server.log
	org.jboss.resolver.warning = true
	os.arch = amd64
	os.name = Windows 10
	os.version = 10.0
	path.separator = ;
	program.name = standalone.bat
	stderr.encoding = Cp1252
	stdout.encoding = Cp1252
	sun.arch.data.model = 64
	sun.boot.library.path = C:\Program Files\Microsoft\jdk-21.0.2.13-hotspot\bin
	sun.cpu.endian = little
	sun.cpu.isalist = amd64
	sun.io.unicode.encoding = UnicodeLittle
	sun.java.command = C:\Users\Aluno\Desktop\Nova pasta\avaliador-alunos\wildfly-31.0.1.Final\jboss-modules.jar -mp C:\Users\Aluno\Desktop\Nova pasta\avaliador-alunos\wildfly-31.0.1.Final\modules org.jboss.as.standalone -Djboss.home.dir=C:\Users\Aluno\Desktop\Nova pasta\avaliador-alunos\wildfly-31.0.1.Final
	sun.java.launcher = SUN_STANDARD
	sun.jnu.encoding = Cp1252
	sun.management.compiler = HotSpot 64-Bit Tiered Compilers
	sun.os.patch.level = 
	user.country = BR
	user.dir = C:\Users\Aluno\Desktop\Nova pasta\avaliador-alunos\wildfly-31.0.1.Final\bin
	user.home = C:\Users\Aluno
	user.language = pt
	user.name = Aluno
	user.script = 
	user.timezone = America/Sao_Paulo
	user.variant = 
2024-04-18 14:08:06,645 DEBUG [org.jboss.as.config] (MSC service thread 1-2) VM Arguments: -Dprogram.name=standalone.bat -Xms64M -Xmx512M -XX:MetaspaceSize=96M -XX:MaxMetaspaceSize=256m -Djava.net.preferIPv4Stack=true -Djboss.modules.system.pkgs=org.jboss.byteman -Djava.awt.headless=true -Djdk.serialFilter=maxbytes=10485760;maxdepth=128;maxarray=100000;maxrefs=300000 --add-exports=java.desktop/sun.awt=ALL-UNNAMED --add-exports=java.naming/com.sun.jndi.ldap=ALL-UNNAMED --add-exports=java.naming/com.sun.jndi.url.ldap=ALL-UNNAMED --add-exports=java.naming/com.sun.jndi.url.ldaps=ALL-UNNAMED --add-exports=jdk.naming.dns/com.sun.jndi.dns=ALL-UNNAMED --add-opens=java.base/java.lang=ALL-UNNAMED --add-opens=java.base/java.lang.invoke=ALL-UNNAMED --add-opens=java.base/java.lang.reflect=ALL-UNNAMED --add-opens=java.base/java.io=ALL-UNNAMED --add-opens=java.base/java.net=ALL-UNNAMED --add-opens=java.base/java.security=ALL-UNNAMED --add-opens=java.base/java.util=ALL-UNNAMED --add-opens=java.base/java.util.concurrent=ALL-UNNAMED --add-opens=java.management/javax.management=ALL-UNNAMED --add-opens=java.naming/javax.naming=ALL-UNNAMED -Djava.security.manager=allow -Dorg.jboss.boot.log.file=C:\Users\Aluno\Desktop\Nova pasta\avaliador-alunos\wildfly-31.0.1.Final\standalone\log\server.log -Dlogging.configuration=file:C:\Users\Aluno\Desktop\Nova pasta\avaliador-alunos\wildfly-31.0.1.Final\standalone\configuration/logging.properties 
2024-04-18 14:08:07,589 INFO  [org.wildfly.security] (ServerService Thread Pool -- 28) ELY00001: WildFly Elytron version 2.2.3.Final
2024-04-18 14:08:08,221 INFO  [org.jboss.as.controller.management-deprecated] (ServerService Thread Pool -- 12) WFLYCTL0028: Attribute 'cluster' in the resource at address '/subsystem=ejb3/service=remote' is deprecated, and may be removed in a future version. See the attribute description in the output of the read-resource-description operation to learn more about the deprecation.
2024-04-18 14:08:08,271 INFO  [org.jboss.as.server] (Controller Boot Thread) WFLYSRV0039: Creating http management service using socket-binding (management-http)
2024-04-18 14:08:08,288 INFO  [org.xnio] (MSC service thread 1-2) XNIO version 3.8.13.Final
2024-04-18 14:08:08,294 INFO  [org.xnio.nio] (MSC service thread 1-2) XNIO NIO Implementation Version 3.8.13.Final
2024-04-18 14:08:08,335 INFO  [org.wildfly.extension.elytron.oidc._private] (ServerService Thread Pool -- 53) WFLYOIDC0001: Activating WildFly Elytron OIDC Subsystem
2024-04-18 14:08:08,340 INFO  [org.jboss.as.clustering.infinispan] (ServerService Thread Pool -- 55) WFLYCLINF0001: Activating Infinispan subsystem.
2024-04-18 14:08:08,341 WARN  [org.jboss.as.txn] (ServerService Thread Pool -- 74) WFLYTX0013: The node-identifier attribute on the /subsystem=transactions is set to the default value. This is a danger for environments running multiple servers. Please make sure the attribute value is unique.
2024-04-18 14:08:08,343 INFO  [org.wildfly.extension.health] (ServerService Thread Pool -- 54) WFLYHEALTH0001: Activating Base Health Subsystem
2024-04-18 14:08:08,344 INFO  [org.wildfly.extension.microprofile.jwt.smallrye] (ServerService Thread Pool -- 66) WFLYJWT0001: Activating MicroProfile JWT Subsystem
2024-04-18 14:08:08,347 INFO  [org.wildfly.extension.microprofile.config.smallrye] (ServerService Thread Pool -- 65) WFLYCONF0001: Activating MicroProfile Config Subsystem
2024-04-18 14:08:08,349 INFO  [org.jboss.as.jaxrs] (ServerService Thread Pool -- 57) WFLYRS0016: RESTEasy version 6.2.7.Final
2024-04-18 14:08:08,364 INFO  [org.jboss.as.jsf] (ServerService Thread Pool -- 62) WFLYJSF0007: Activated the following Jakarta Server Faces Implementations: [main]
2024-04-18 14:08:08,369 INFO  [org.wildfly.extension.metrics] (ServerService Thread Pool -- 64) WFLYMETRICS0001: Activating Base Metrics Subsystem
2024-04-18 14:08:08,387 INFO  [org.jboss.as.naming] (ServerService Thread Pool -- 67) WFLYNAM0001: Activating Naming Subsystem
2024-04-18 14:08:08,388 INFO  [org.jboss.as.webservices] (ServerService Thread Pool -- 76) WFLYWS0002: Activating WebServices Extension
2024-04-18 14:08:08,398 INFO  [org.wildfly.extension.io] (ServerService Thread Pool -- 56) WFLYIO001: Worker 'default' has auto-configured to 12 IO threads with 96 max task threads based on your 6 available processors
2024-04-18 14:08:08,409 INFO  [org.jboss.as.connector] (MSC service thread 1-5) WFLYJCA0009: Starting Jakarta Connectors Subsystem (WildFly/IronJacamar 3.0.8.Final)
2024-04-18 14:08:08,534 INFO  [org.jboss.as.connector.subsystems.datasources] (ServerService Thread Pool -- 44) WFLYJCA0004: Deploying JDBC-compliant driver class org.h2.Driver (version 2.2)
2024-04-18 14:08:08,581 INFO  [org.jboss.as.naming] (MSC service thread 1-4) WFLYNAM0003: Starting Naming Service
2024-04-18 14:08:08,604 INFO  [org.jboss.as.mail.extension] (MSC service thread 1-4) WFLYMAIL0001: Bound mail session [java:jboss/mail/Default]
2024-04-18 14:08:08,616 INFO  [org.wildfly.extension.undertow] (MSC service thread 1-1) WFLYUT0003: Undertow 2.3.12.Final starting
2024-04-18 14:08:08,617 INFO  [org.jboss.as.connector.deployers.jdbc] (MSC service thread 1-1) WFLYJCA0018: Started Driver service with driver-name = h2
2024-04-18 14:08:08,681 WARN  [org.wildfly.extension.elytron] (MSC service thread 1-4) WFLYELY00023: KeyStore file 'C:\Users\Aluno\Desktop\Nova pasta\avaliador-alunos\wildfly-31.0.1.Final\standalone\configuration\application.keystore' does not exist. Used blank.
2024-04-18 14:08:08,690 INFO  [org.jboss.remoting] (MSC service thread 1-6) JBoss Remoting version 5.0.28.Final
2024-04-18 14:08:08,728 WARN  [org.wildfly.extension.elytron] (MSC service thread 1-4) WFLYELY01084: KeyStore C:\Users\Aluno\Desktop\Nova pasta\avaliador-alunos\wildfly-31.0.1.Final\standalone\configuration\application.keystore not found, it will be auto-generated on first use with a self-signed certificate for host localhost
2024-04-18 14:08:08,763 INFO  [org.wildfly.extension.undertow] (ServerService Thread Pool -- 75) WFLYUT0014: Creating file handler for path 'C:\Users\Aluno\Desktop\Nova pasta\avaliador-alunos\wildfly-31.0.1.Final/welcome-content' with options [directory-listing: 'false', follow-symlink: 'false', case-sensitive: 'true', safe-symlink-paths: '[]']
2024-04-18 14:08:08,806 INFO  [org.jboss.as.ejb3] (MSC service thread 1-8) WFLYEJB0481: Strict pool slsb-strict-max-pool is using a max instance size of 96 (per class), which is derived from thread worker pool sizing.
2024-04-18 14:08:08,806 INFO  [org.jboss.as.ejb3] (MSC service thread 1-7) WFLYEJB0482: Strict pool mdb-strict-max-pool is using a max instance size of 24 (per class), which is derived from the number of CPUs on this host.
2024-04-18 14:08:08,860 INFO  [org.wildfly.extension.undertow] (MSC service thread 1-5) WFLYUT0012: Started server default-server.
2024-04-18 14:08:08,862 INFO  [org.wildfly.extension.undertow] (MSC service thread 1-1) Queuing requests.
2024-04-18 14:08:08,866 INFO  [org.wildfly.extension.undertow] (MSC service thread 1-1) WFLYUT0018: Host default-host starting
2024-04-18 14:08:08,990 INFO  [org.wildfly.extension.undertow] (MSC service thread 1-7) WFLYUT0006: Undertow HTTP listener default listening on 127.0.0.1:8080
2024-04-18 14:08:09,106 INFO  [org.jboss.as.server.deployment.scanner] (MSC service thread 1-5) WFLYDS0013: Started FileSystemDeploymentService for directory C:\Users\Aluno\Desktop\Nova pasta\avaliador-alunos\wildfly-31.0.1.Final\standalone\deployments
2024-04-18 14:08:09,151 INFO  [org.wildfly.extension.undertow] (MSC service thread 1-2) WFLYUT0006: Undertow HTTPS listener https listening on 127.0.0.1:8443
2024-04-18 14:08:09,182 INFO  [org.jboss.as.ejb3] (MSC service thread 1-2) WFLYEJB0493: Jakarta Enterprise Beans subsystem suspension complete
2024-04-18 14:08:09,305 INFO  [org.jboss.as.connector.subsystems.datasources] (MSC service thread 1-4) WFLYJCA0001: Bound data source [java:jboss/datasources/ExampleDS]
2024-04-18 14:08:09,322 INFO  [org.jboss.ws.common.management] (MSC service thread 1-6) JBWS022052: Starting JBossWS 7.0.0.Final (Apache CXF 4.0.0) 
2024-04-18 14:08:09,445 INFO  [org.jboss.as.server] (Controller Boot Thread) WFLYSRV0212: Resuming server
2024-04-18 14:08:09,452 INFO  [org.jboss.as] (Controller Boot Thread) WFLYSRV0060: Http management interface listening on http://127.0.0.1:9990/management
2024-04-18 14:08:09,456 INFO  [org.jboss.as] (Controller Boot Thread) WFLYSRV0051: Admin console listening on http://127.0.0.1:9990
2024-04-18 14:08:09,457 INFO  [org.jboss.as] (Controller Boot Thread) WFLYSRV0025: WildFly Full 31.0.1.Final (WildFly Core 23.0.3.Final) started in 4237ms - Started 280 of 522 services (317 services are lazy, passive or on-demand) - Server configuration file in use: standalone.xml
2024-04-18 14:08:10,980 INFO  [org.jboss.as.server.deployment] (MSC service thread 1-7) WFLYSRV0027: Starting deployment of "avaliador-alunos" (runtime-name: "avaliador-alunos.war")
2024-04-18 14:08:11,716 WARN  [org.jboss.modules.define] (MSC service thread 1-6) Failed to define class javax.servlet.jsp.jstl.tlv.PermittedTaglibsTLV in Module "deployment.avaliador-alunos.war" from Service Module Loader: java.lang.NoClassDefFoundError: Failed to link javax/servlet/jsp/jstl/tlv/PermittedTaglibsTLV (Module "deployment.avaliador-alunos.war" from Service Module Loader): javax/servlet/jsp/tagext/TagLibraryValidator
	at java.base/java.lang.ClassLoader.defineClass1(Native Method)
	at java.base/java.lang.ClassLoader.defineClass(ClassLoader.java:1027)
	at java.base/java.lang.ClassLoader.defineClass(ClassLoader.java:1105)
	at org.jboss.modules.ModuleClassLoader.doDefineOrLoadClass(ModuleClassLoader.java:351)
	at org.jboss.modules.ModuleClassLoader.defineClass(ModuleClassLoader.java:482)
	at org.jboss.modules.ModuleClassLoader.loadClassLocal(ModuleClassLoader.java:276)
	at org.jboss.modules.ModuleClassLoader$1.loadClassLocal(ModuleClassLoader.java:79)
	at org.jboss.modules.Module.loadModuleClass(Module.java:765)
	at org.jboss.modules.ModuleClassLoader.findClass(ModuleClassLoader.java:192)
	at org.jboss.modules.ConcurrentClassLoader.performLoadClassUnchecked(ConcurrentClassLoader.java:410)
	at org.jboss.modules.ConcurrentClassLoader.performLoadClass(ConcurrentClassLoader.java:398)
	at org.jboss.modules.ConcurrentClassLoader.loadClass(ConcurrentClassLoader.java:116)
	at java.base/java.lang.Class.forName0(Native Method)
	at java.base/java.lang.Class.forName(Class.java:534)
	at java.base/java.lang.Class.forName(Class.java:513)
	at org.jboss.as.ee@31.0.1.Final//org.jboss.as.ee.utils.ClassLoadingUtils.loadClass(ClassLoadingUtils.java:26)
	at org.jboss.as.ee@31.0.1.Final//org.jboss.as.ee.utils.ClassLoadingUtils.loadClass(ClassLoadingUtils.java:19)
	at org.jboss.as.ee@31.0.1.Final//org.jboss.as.ee.component.deployers.InterceptorAnnotationProcessor.processComponentConfig(InterceptorAnnotationProcessor.java:67)
	at org.jboss.as.ee@31.0.1.Final//org.jboss.as.ee.component.deployers.InterceptorAnnotationProcessor.deploy(InterceptorAnnotationProcessor.java:60)
	at org.jboss.as.server@23.0.3.Final//org.jboss.as.server.deployment.DeploymentUnitPhaseService.start(DeploymentUnitPhaseService.java:172)
	at org.jboss.msc@1.5.2.Final//org.jboss.msc.service.ServiceControllerImpl$StartTask.startService(ServiceControllerImpl.java:1617)
	at org.jboss.msc@1.5.2.Final//org.jboss.msc.service.ServiceControllerImpl$StartTask.execute(ServiceControllerImpl.java:1580)
	at org.jboss.msc@1.5.2.Final//org.jboss.msc.service.ServiceControllerImpl$ControllerTask.run(ServiceControllerImpl.java:1438)
	at org.jboss.threads@2.4.0.Final//org.jboss.threads.ContextClassLoaderSavingRunnable.run(ContextClassLoaderSavingRunnable.java:35)
	at org.jboss.threads@2.4.0.Final//org.jboss.threads.EnhancedQueueExecutor.safeRun(EnhancedQueueExecutor.java:1990)
	at org.jboss.threads@2.4.0.Final//org.jboss.threads.EnhancedQueueExecutor$ThreadBody.doRunTask(EnhancedQueueExecutor.java:1486)
	at org.jboss.threads@2.4.0.Final//org.jboss.threads.EnhancedQueueExecutor$ThreadBody.run(EnhancedQueueExecutor.java:1377)
	at java.base/java.lang.Thread.run(Thread.java:1583)

2024-04-18 14:08:11,772 WARN  [org.jboss.modules.define] (MSC service thread 1-6) Failed to define class javax.servlet.jsp.jstl.tlv.ScriptFreeTLV in Module "deployment.avaliador-alunos.war" from Service Module Loader: java.lang.NoClassDefFoundError: Failed to link javax/servlet/jsp/jstl/tlv/ScriptFreeTLV (Module "deployment.avaliador-alunos.war" from Service Module Loader): javax/servlet/jsp/tagext/TagLibraryValidator
	at java.base/java.lang.ClassLoader.defineClass1(Native Method)
	at java.base/java.lang.ClassLoader.defineClass(ClassLoader.java:1027)
	at java.base/java.lang.ClassLoader.defineClass(ClassLoader.java:1105)
	at org.jboss.modules.ModuleClassLoader.doDefineOrLoadClass(ModuleClassLoader.java:351)
	at org.jboss.modules.ModuleClassLoader.defineClass(ModuleClassLoader.java:482)
	at org.jboss.modules.ModuleClassLoader.loadClassLocal(ModuleClassLoader.java:276)
	at org.jboss.modules.ModuleClassLoader$1.loadClassLocal(ModuleClassLoader.java:79)
	at org.jboss.modules.Module.loadModuleClass(Module.java:765)
	at org.jboss.modules.ModuleClassLoader.findClass(ModuleClassLoader.java:192)
	at org.jboss.modules.ConcurrentClassLoader.performLoadClassUnchecked(ConcurrentClassLoader.java:410)
	at org.jboss.modules.ConcurrentClassLoader.performLoadClass(ConcurrentClassLoader.java:398)
	at org.jboss.modules.ConcurrentClassLoader.loadClass(ConcurrentClassLoader.java:116)
	at java.base/java.lang.Class.forName0(Native Method)
	at java.base/java.lang.Class.forName(Class.java:534)
	at java.base/java.lang.Class.forName(Class.java:513)
	at org.jboss.as.ee@31.0.1.Final//org.jboss.as.ee.utils.ClassLoadingUtils.loadClass(ClassLoadingUtils.java:26)
	at org.jboss.as.ee@31.0.1.Final//org.jboss.as.ee.utils.ClassLoadingUtils.loadClass(ClassLoadingUtils.java:19)
	at org.jboss.as.ee@31.0.1.Final//org.jboss.as.ee.component.deployers.InterceptorAnnotationProcessor.processComponentConfig(InterceptorAnnotationProcessor.java:67)
	at org.jboss.as.ee@31.0.1.Final//org.jboss.as.ee.component.deployers.InterceptorAnnotationProcessor.deploy(InterceptorAnnotationProcessor.java:60)
	at org.jboss.as.server@23.0.3.Final//org.jboss.as.server.deployment.DeploymentUnitPhaseService.start(DeploymentUnitPhaseService.java:172)
	at org.jboss.msc@1.5.2.Final//org.jboss.msc.service.ServiceControllerImpl$StartTask.startService(ServiceControllerImpl.java:1617)
	at org.jboss.msc@1.5.2.Final//org.jboss.msc.service.ServiceControllerImpl$StartTask.execute(ServiceControllerImpl.java:1580)
	at org.jboss.msc@1.5.2.Final//org.jboss.msc.service.ServiceControllerImpl$ControllerTask.run(ServiceControllerImpl.java:1438)
	at org.jboss.threads@2.4.0.Final//org.jboss.threads.ContextClassLoaderSavingRunnable.run(ContextClassLoaderSavingRunnable.java:35)
	at org.jboss.threads@2.4.0.Final//org.jboss.threads.EnhancedQueueExecutor.safeRun(EnhancedQueueExecutor.java:1990)
	at org.jboss.threads@2.4.0.Final//org.jboss.threads.EnhancedQueueExecutor$ThreadBody.doRunTask(EnhancedQueueExecutor.java:1486)
	at org.jboss.threads@2.4.0.Final//org.jboss.threads.EnhancedQueueExecutor$ThreadBody.run(EnhancedQueueExecutor.java:1377)
	at java.base/java.lang.Thread.run(Thread.java:1583)

2024-04-18 14:08:11,915 WARN  [org.jboss.modules.define] (MSC service thread 1-1) Failed to define class javax.servlet.jsp.jstl.tlv.PermittedTaglibsTLV in Module "deployment.avaliador-alunos.war" from Service Module Loader: java.lang.NoClassDefFoundError: Failed to link javax/servlet/jsp/jstl/tlv/PermittedTaglibsTLV (Module "deployment.avaliador-alunos.war" from Service Module Loader): javax/servlet/jsp/tagext/TagLibraryValidator
	at java.base/java.lang.ClassLoader.defineClass1(Native Method)
	at java.base/java.lang.ClassLoader.defineClass(ClassLoader.java:1027)
	at java.base/java.lang.ClassLoader.defineClass(ClassLoader.java:1105)
	at org.jboss.modules.ModuleClassLoader.doDefineOrLoadClass(ModuleClassLoader.java:351)
	at org.jboss.modules.ModuleClassLoader.defineClass(ModuleClassLoader.java:482)
	at org.jboss.modules.ModuleClassLoader.loadClassLocal(ModuleClassLoader.java:276)
	at org.jboss.modules.ModuleClassLoader$1.loadClassLocal(ModuleClassLoader.java:79)
	at org.jboss.modules.Module.loadModuleClass(Module.java:765)
	at org.jboss.modules.ModuleClassLoader.findClass(ModuleClassLoader.java:192)
	at org.jboss.modules.ConcurrentClassLoader.performLoadClassUnchecked(ConcurrentClassLoader.java:410)
	at org.jboss.modules.ConcurrentClassLoader.performLoadClass(ConcurrentClassLoader.java:398)
	at org.jboss.modules.ConcurrentClassLoader.loadClass(ConcurrentClassLoader.java:116)
	at java.base/java.lang.Class.forName0(Native Method)
	at java.base/java.lang.Class.forName(Class.java:534)
	at java.base/java.lang.Class.forName(Class.java:513)
	at org.jboss.as.ee@31.0.1.Final//org.jboss.as.ee.utils.ClassLoadingUtils.loadClass(ClassLoadingUtils.java:26)
	at org.jboss.as.ee@31.0.1.Final//org.jboss.as.ee.component.deployers.EEModuleConfigurationProcessor.deploy(EEModuleConfigurationProcessor.java:63)
	at org.jboss.as.server@23.0.3.Final//org.jboss.as.server.deployment.DeploymentUnitPhaseService.start(DeploymentUnitPhaseService.java:172)
	at org.jboss.msc@1.5.2.Final//org.jboss.msc.service.ServiceControllerImpl$StartTask.startService(ServiceControllerImpl.java:1617)
	at org.jboss.msc@1.5.2.Final//org.jboss.msc.service.ServiceControllerImpl$StartTask.execute(ServiceControllerImpl.java:1580)
	at org.jboss.msc@1.5.2.Final//org.jboss.msc.service.ServiceControllerImpl$ControllerTask.run(ServiceControllerImpl.java:1438)
	at org.jboss.threads@2.4.0.Final//org.jboss.threads.ContextClassLoaderSavingRunnable.run(ContextClassLoaderSavingRunnable.java:35)
	at org.jboss.threads@2.4.0.Final//org.jboss.threads.EnhancedQueueExecutor.safeRun(EnhancedQueueExecutor.java:1990)
	at org.jboss.threads@2.4.0.Final//org.jboss.threads.EnhancedQueueExecutor$ThreadBody.doRunTask(EnhancedQueueExecutor.java:1486)
	at org.jboss.threads@2.4.0.Final//org.jboss.threads.EnhancedQueueExecutor$ThreadBody.run(EnhancedQueueExecutor.java:1377)
	at java.base/java.lang.Thread.run(Thread.java:1583)

2024-04-18 14:08:11,915 WARN  [org.jboss.as.ee] (MSC service thread 1-1) WFLYEE0007: Not installing optional component javax.servlet.jsp.jstl.tlv.PermittedTaglibsTLV due to an exception (enable DEBUG log level to see the cause)
2024-04-18 14:08:11,946 WARN  [org.jboss.modules.define] (MSC service thread 1-1) Failed to define class javax.servlet.jsp.jstl.tlv.ScriptFreeTLV in Module "deployment.avaliador-alunos.war" from Service Module Loader: java.lang.NoClassDefFoundError: Failed to link javax/servlet/jsp/jstl/tlv/ScriptFreeTLV (Module "deployment.avaliador-alunos.war" from Service Module Loader): javax/servlet/jsp/tagext/TagLibraryValidator
	at java.base/java.lang.ClassLoader.defineClass1(Native Method)
	at java.base/java.lang.ClassLoader.defineClass(ClassLoader.java:1027)
	at java.base/java.lang.ClassLoader.defineClass(ClassLoader.java:1105)
	at org.jboss.modules.ModuleClassLoader.doDefineOrLoadClass(ModuleClassLoader.java:351)
	at org.jboss.modules.ModuleClassLoader.defineClass(ModuleClassLoader.java:482)
	at org.jboss.modules.ModuleClassLoader.loadClassLocal(ModuleClassLoader.java:276)
	at org.jboss.modules.ModuleClassLoader$1.loadClassLocal(ModuleClassLoader.java:79)
	at org.jboss.modules.Module.loadModuleClass(Module.java:765)
	at org.jboss.modules.ModuleClassLoader.findClass(ModuleClassLoader.java:192)
	at org.jboss.modules.ConcurrentClassLoader.performLoadClassUnchecked(ConcurrentClassLoader.java:410)
	at org.jboss.modules.ConcurrentClassLoader.performLoadClass(ConcurrentClassLoader.java:398)
	at org.jboss.modules.ConcurrentClassLoader.loadClass(ConcurrentClassLoader.java:116)
	at java.base/java.lang.Class.forName0(Native Method)
	at java.base/java.lang.Class.forName(Class.java:534)
	at java.base/java.lang.Class.forName(Class.java:513)
	at org.jboss.as.ee@31.0.1.Final//org.jboss.as.ee.utils.ClassLoadingUtils.loadClass(ClassLoadingUtils.java:26)
	at org.jboss.as.ee@31.0.1.Final//org.jboss.as.ee.component.deployers.EEModuleConfigurationProcessor.deploy(EEModuleConfigurationProcessor.java:63)
	at org.jboss.as.server@23.0.3.Final//org.jboss.as.server.deployment.DeploymentUnitPhaseService.start(DeploymentUnitPhaseService.java:172)
	at org.jboss.msc@1.5.2.Final//org.jboss.msc.service.ServiceControllerImpl$StartTask.startService(ServiceControllerImpl.java:1617)
	at org.jboss.msc@1.5.2.Final//org.jboss.msc.service.ServiceControllerImpl$StartTask.execute(ServiceControllerImpl.java:1580)
	at org.jboss.msc@1.5.2.Final//org.jboss.msc.service.ServiceControllerImpl$ControllerTask.run(ServiceControllerImpl.java:1438)
	at org.jboss.threads@2.4.0.Final//org.jboss.threads.ContextClassLoaderSavingRunnable.run(ContextClassLoaderSavingRunnable.java:35)
	at org.jboss.threads@2.4.0.Final//org.jboss.threads.EnhancedQueueExecutor.safeRun(EnhancedQueueExecutor.java:1990)
	at org.jboss.threads@2.4.0.Final//org.jboss.threads.EnhancedQueueExecutor$ThreadBody.doRunTask(EnhancedQueueExecutor.java:1486)
	at org.jboss.threads@2.4.0.Final//org.jboss.threads.EnhancedQueueExecutor$ThreadBody.run(EnhancedQueueExecutor.java:1377)
	at java.base/java.lang.Thread.run(Thread.java:1583)

2024-04-18 14:08:11,947 WARN  [org.jboss.as.ee] (MSC service thread 1-1) WFLYEE0007: Not installing optional component javax.servlet.jsp.jstl.tlv.ScriptFreeTLV due to an exception (enable DEBUG log level to see the cause)
2024-04-18 14:08:12,083 INFO  [org.jboss.as.connector.deployers.jdbc] (MSC service thread 1-1) WFLYJCA0005: Deploying non-JDBC-compliant driver class org.postgresql.Driver (version 42.7)
2024-04-18 14:08:12,146 INFO  [org.jboss.as.connector.deployers.jdbc] (MSC service thread 1-2) WFLYJCA0018: Started Driver service with driver-name = avaliador-alunos.war_org.postgresql.Driver_42_7
2024-04-18 14:08:12,302 INFO  [org.wildfly.extension.undertow] (ServerService Thread Pool -- 80) WFLYUT0021: Registered web context: '/avaliador-alunos' for server 'default-server'
2024-04-18 14:08:12,346 INFO  [org.jboss.as.server] (management-handler-thread - 1) WFLYSRV0010: Deployed "avaliador-alunos" (runtime-name : "avaliador-alunos.war")
2024-04-18 14:36:35,721 INFO  [org.jboss.as.connector.deployers.jdbc] (MSC service thread 1-7) WFLYJCA0019: Stopped Driver service with driver-name = avaliador-alunos.war_org.postgresql.Driver_42_7
2024-04-18 14:36:35,723 INFO  [org.wildfly.extension.undertow] (ServerService Thread Pool -- 80) WFLYUT0022: Unregistered web context: '/avaliador-alunos' from server 'default-server'
2024-04-18 14:36:35,814 INFO  [org.jboss.as.server.deployment] (MSC service thread 1-3) WFLYSRV0028: Stopped deployment avaliador-alunos (runtime-name: avaliador-alunos.war) in 106ms
2024-04-18 14:36:35,847 INFO  [org.jboss.as.server] (management-handler-thread - 2) WFLYSRV0009: Undeployed "avaliador-alunos" (runtime-name: "avaliador-alunos.war")
2024-04-18 14:36:35,919 INFO  [org.jboss.as.server] (management-handler-thread - 2) WFLYSRV0272: Suspending server
2024-04-18 14:36:35,924 INFO  [org.jboss.as.ejb3] (management-handler-thread - 2) WFLYEJB0493: Jakarta Enterprise Beans subsystem suspension complete
2024-04-18 14:36:35,925 INFO  [org.jboss.as.server] (Management Triggered Shutdown) WFLYSRV0241: Shutting down in response to management operation 'shutdown'
2024-04-18 14:36:35,944 INFO  [org.jboss.as.connector.subsystems.datasources] (MSC service thread 1-6) WFLYJCA0010: Unbound data source [java:jboss/datasources/ExampleDS]
2024-04-18 14:36:35,945 INFO  [org.wildfly.extension.undertow] (MSC service thread 1-6) WFLYUT0019: Host default-host stopping
2024-04-18 14:36:35,946 INFO  [org.jboss.as.mail.extension] (MSC service thread 1-6) WFLYMAIL0002: Unbound mail session [java:jboss/mail/Default]
2024-04-18 14:36:35,948 INFO  [org.wildfly.extension.undertow] (MSC service thread 1-6) WFLYUT0008: Undertow HTTPS listener https suspending
2024-04-18 14:36:35,949 INFO  [org.wildfly.extension.undertow] (MSC service thread 1-6) WFLYUT0007: Undertow HTTPS listener https stopped, was bound to 127.0.0.1:8443
2024-04-18 14:36:35,955 INFO  [org.wildfly.extension.undertow] (MSC service thread 1-5) WFLYUT0008: Undertow HTTP listener default suspending
2024-04-18 14:36:35,956 INFO  [org.wildfly.extension.undertow] (MSC service thread 1-5) WFLYUT0007: Undertow HTTP listener default stopped, was bound to 127.0.0.1:8080
2024-04-18 14:36:35,959 INFO  [org.wildfly.extension.undertow] (MSC service thread 1-6) WFLYUT0004: Undertow 2.3.12.Final stopping
2024-04-18 14:36:35,972 INFO  [org.jboss.as.connector.deployers.jdbc] (MSC service thread 1-7) WFLYJCA0019: Stopped Driver service with driver-name = h2
2024-04-18 14:36:35,987 INFO  [org.jboss.as] (MSC service thread 1-4) WFLYSRV0050: WildFly Full 31.0.1.Final (WildFly Core 23.0.3.Final) stopped in 55ms
2024-04-18 14:36:42,264 INFO  [org.jboss.modules] (main) JBoss Modules version 2.1.2.Final
2024-04-18 14:36:43,126 INFO  [org.jboss.msc] (main) JBoss MSC version 1.5.2.Final
2024-04-18 14:36:43,141 INFO  [org.jboss.threads] (main) JBoss Threads version 2.4.0.Final
2024-04-18 14:36:43,256 INFO  [org.jboss.as] (MSC service thread 1-2) WFLYSRV0049: WildFly Full 31.0.1.Final (WildFly Core 23.0.3.Final) starting
2024-04-18 14:36:43,257 DEBUG [org.jboss.as.config] (MSC service thread 1-2) Configured system properties:
	file.encoding = UTF-8
	file.separator = \
	java.awt.headless = true
	java.class.path = C:\Users\Aluno\Desktop\Nova pasta\avaliador-alunos\wildfly-31.0.1.Final\jboss-modules.jar
	java.class.version = 65.0
	java.home = C:\Program Files\Microsoft\jdk-21.0.2.13-hotspot
	java.io.tmpdir = C:\Users\Aluno\AppData\Local\Temp\
	java.library.path = C:\Program Files\Microsoft\jdk-21.0.2.13-hotspot\bin;C:\Windows\Sun\Java\bin;C:\Windows\system32;C:\Windows;C:\Program Files\Microsoft\jdk-21.0.2.13-hotspot\bin;C:\Program Files\Microsoft\jdk-17.0.10.7-hotspot\bin;C:\Program Files (x86)\Common Files\Oracle\Java\javapath;C:\Windows\system32;C:\Windows;C:\Windows\System32\Wbem;C:\Windows\System32\WindowsPowerShell\v1.0\;C:\Windows\System32\OpenSSH\;C:\Program Files\SQL Anywhere 16\Bin64;C:\Program Files\SQL Anywhere 16\Bin32;C:\Program Files\SQL Anywhere 17\Bin64;C:\Program Files\SQL Anywhere 17\Bin32;C:\Program Files\SQL Anywhere 17\Scripts;C:\Program Files\Docker\Docker\resources\bin;C:\flutter\bin;C:\Program Files\Git\cmd;C:\Program Files\Microsoft VS Code\bin;C:\Program Files\PowerShell\7\;C:\Users\Aluno\AppData\Local\Microsoft\WindowsApps;;.
	java.net.preferIPv4Stack = true
	java.runtime.name = OpenJDK Runtime Environment
	java.runtime.version = 21.0.2+13-LTS
	java.security.manager = allow
	java.specification.name = Java Platform API Specification
	java.specification.vendor = Oracle Corporation
	java.specification.version = 21
	java.util.logging.manager = org.jboss.logmanager.LogManager
	java.vendor = Microsoft
	java.vendor.url = https://www.microsoft.com
	java.vendor.url.bug = https://github.com/microsoft/openjdk/issues
	java.vendor.version = Microsoft-8905927
	java.version = 21.0.2
	java.version.date = 2024-01-16
	java.vm.compressedOopsMode = 32-bit
	java.vm.info = mixed mode, sharing
	java.vm.name = OpenJDK 64-Bit Server VM
	java.vm.specification.name = Java Virtual Machine Specification
	java.vm.specification.vendor = Oracle Corporation
	java.vm.specification.version = 21
	java.vm.vendor = Microsoft
	java.vm.version = 21.0.2+13-LTS
	javax.management.builder.initial = org.jboss.as.jmx.PluggableMBeanServerBuilder
	jboss.home.dir = C:\Users\Aluno\Desktop\Nova pasta\avaliador-alunos\wildfly-31.0.1.Final
	jboss.host.name = cpufsm-295401
	jboss.modules.system.pkgs = org.jboss.byteman
	jboss.node.name = cpufsm-295401
	jboss.qualified.host.name = cpufsm-295401
	jboss.server.base.dir = C:\Users\Aluno\Desktop\Nova pasta\avaliador-alunos\wildfly-31.0.1.Final\standalone
	jboss.server.config.dir = C:\Users\Aluno\Desktop\Nova pasta\avaliador-alunos\wildfly-31.0.1.Final\standalone\configuration
	jboss.server.data.dir = C:\Users\Aluno\Desktop\Nova pasta\avaliador-alunos\wildfly-31.0.1.Final\standalone\data
	jboss.server.log.dir = C:\Users\Aluno\Desktop\Nova pasta\avaliador-alunos\wildfly-31.0.1.Final\standalone\log
	jboss.server.name = cpufsm-295401
	jboss.server.persist.config = true
	jboss.server.temp.dir = C:\Users\Aluno\Desktop\Nova pasta\avaliador-alunos\wildfly-31.0.1.Final\standalone\tmp
	jdk.debug = release
	jdk.serialFilter = maxbytes=10485760;maxdepth=128;maxarray=100000;maxrefs=300000
	line.separator = 

	logging.configuration = file:C:\Users\Aluno\Desktop\Nova pasta\avaliador-alunos\wildfly-31.0.1.Final\standalone\configuration/logging.properties
	module.path = C:\Users\Aluno\Desktop\Nova pasta\avaliador-alunos\wildfly-31.0.1.Final\modules
	native.encoding = Cp1252
	org.jboss.boot.log.file = C:\Users\Aluno\Desktop\Nova pasta\avaliador-alunos\wildfly-31.0.1.Final\standalone\log\server.log
	org.jboss.resolver.warning = true
	os.arch = amd64
	os.name = Windows 10
	os.version = 10.0
	path.separator = ;
	program.name = standalone.bat
	stderr.encoding = Cp1252
	stdout.encoding = Cp1252
	sun.arch.data.model = 64
	sun.boot.library.path = C:\Program Files\Microsoft\jdk-21.0.2.13-hotspot\bin
	sun.cpu.endian = little
	sun.cpu.isalist = amd64
	sun.io.unicode.encoding = UnicodeLittle
	sun.java.command = C:\Users\Aluno\Desktop\Nova pasta\avaliador-alunos\wildfly-31.0.1.Final\jboss-modules.jar -mp C:\Users\Aluno\Desktop\Nova pasta\avaliador-alunos\wildfly-31.0.1.Final\modules org.jboss.as.standalone -Djboss.home.dir=C:\Users\Aluno\Desktop\Nova pasta\avaliador-alunos\wildfly-31.0.1.Final
	sun.java.launcher = SUN_STANDARD
	sun.jnu.encoding = Cp1252
	sun.management.compiler = HotSpot 64-Bit Tiered Compilers
	sun.os.patch.level = 
	user.country = BR
	user.dir = C:\Users\Aluno\Desktop\Nova pasta\avaliador-alunos\wildfly-31.0.1.Final\bin
	user.home = C:\Users\Aluno
	user.language = pt
	user.name = Aluno
	user.script = 
	user.timezone = America/Sao_Paulo
	user.variant = 
2024-04-18 14:36:43,258 DEBUG [org.jboss.as.config] (MSC service thread 1-2) VM Arguments: -Dprogram.name=standalone.bat -Xms64M -Xmx512M -XX:MetaspaceSize=96M -XX:MaxMetaspaceSize=256m -Djava.net.preferIPv4Stack=true -Djboss.modules.system.pkgs=org.jboss.byteman -Djava.awt.headless=true -Djdk.serialFilter=maxbytes=10485760;maxdepth=128;maxarray=100000;maxrefs=300000 --add-exports=java.desktop/sun.awt=ALL-UNNAMED --add-exports=java.naming/com.sun.jndi.ldap=ALL-UNNAMED --add-exports=java.naming/com.sun.jndi.url.ldap=ALL-UNNAMED --add-exports=java.naming/com.sun.jndi.url.ldaps=ALL-UNNAMED --add-exports=jdk.naming.dns/com.sun.jndi.dns=ALL-UNNAMED --add-opens=java.base/java.lang=ALL-UNNAMED --add-opens=java.base/java.lang.invoke=ALL-UNNAMED --add-opens=java.base/java.lang.reflect=ALL-UNNAMED --add-opens=java.base/java.io=ALL-UNNAMED --add-opens=java.base/java.net=ALL-UNNAMED --add-opens=java.base/java.security=ALL-UNNAMED --add-opens=java.base/java.util=ALL-UNNAMED --add-opens=java.base/java.util.concurrent=ALL-UNNAMED --add-opens=java.management/javax.management=ALL-UNNAMED --add-opens=java.naming/javax.naming=ALL-UNNAMED -Djava.security.manager=allow -Dorg.jboss.boot.log.file=C:\Users\Aluno\Desktop\Nova pasta\avaliador-alunos\wildfly-31.0.1.Final\standalone\log\server.log -Dlogging.configuration=file:C:\Users\Aluno\Desktop\Nova pasta\avaliador-alunos\wildfly-31.0.1.Final\standalone\configuration/logging.properties 
2024-04-18 14:36:44,177 INFO  [org.wildfly.security] (ServerService Thread Pool -- 28) ELY00001: WildFly Elytron version 2.2.3.Final
2024-04-18 14:36:44,839 INFO  [org.jboss.as.controller.management-deprecated] (ServerService Thread Pool -- 12) WFLYCTL0028: Attribute 'cluster' in the resource at address '/subsystem=ejb3/service=remote' is deprecated, and may be removed in a future version. See the attribute description in the output of the read-resource-description operation to learn more about the deprecation.
2024-04-18 14:36:44,895 INFO  [org.jboss.as.server] (Controller Boot Thread) WFLYSRV0039: Creating http management service using socket-binding (management-http)
2024-04-18 14:36:44,909 INFO  [org.xnio] (MSC service thread 1-4) XNIO version 3.8.13.Final
2024-04-18 14:36:44,915 INFO  [org.xnio.nio] (MSC service thread 1-4) XNIO NIO Implementation Version 3.8.13.Final
2024-04-18 14:36:44,956 INFO  [org.wildfly.extension.elytron.oidc._private] (ServerService Thread Pool -- 53) WFLYOIDC0001: Activating WildFly Elytron OIDC Subsystem
2024-04-18 14:36:44,961 INFO  [org.jboss.as.clustering.infinispan] (ServerService Thread Pool -- 55) WFLYCLINF0001: Activating Infinispan subsystem.
2024-04-18 14:36:44,962 INFO  [org.wildfly.extension.health] (ServerService Thread Pool -- 54) WFLYHEALTH0001: Activating Base Health Subsystem
2024-04-18 14:36:44,964 WARN  [org.jboss.as.txn] (ServerService Thread Pool -- 74) WFLYTX0013: The node-identifier attribute on the /subsystem=transactions is set to the default value. This is a danger for environments running multiple servers. Please make sure the attribute value is unique.
2024-04-18 14:36:44,966 INFO  [org.wildfly.extension.microprofile.jwt.smallrye] (ServerService Thread Pool -- 66) WFLYJWT0001: Activating MicroProfile JWT Subsystem
2024-04-18 14:36:44,968 INFO  [org.wildfly.extension.microprofile.config.smallrye] (ServerService Thread Pool -- 65) WFLYCONF0001: Activating MicroProfile Config Subsystem
2024-04-18 14:36:44,975 INFO  [org.jboss.as.jaxrs] (ServerService Thread Pool -- 57) WFLYRS0016: RESTEasy version 6.2.7.Final
2024-04-18 14:36:44,984 INFO  [org.jboss.as.jsf] (ServerService Thread Pool -- 62) WFLYJSF0007: Activated the following Jakarta Server Faces Implementations: [main]
2024-04-18 14:36:44,990 INFO  [org.wildfly.extension.metrics] (ServerService Thread Pool -- 64) WFLYMETRICS0001: Activating Base Metrics Subsystem
2024-04-18 14:36:44,995 INFO  [org.wildfly.extension.io] (ServerService Thread Pool -- 56) WFLYIO001: Worker 'default' has auto-configured to 12 IO threads with 96 max task threads based on your 6 available processors
2024-04-18 14:36:45,023 INFO  [org.jboss.as.naming] (ServerService Thread Pool -- 67) WFLYNAM0001: Activating Naming Subsystem
2024-04-18 14:36:45,023 INFO  [org.jboss.as.webservices] (ServerService Thread Pool -- 76) WFLYWS0002: Activating WebServices Extension
2024-04-18 14:36:45,047 INFO  [org.jboss.as.connector] (MSC service thread 1-2) WFLYJCA0009: Starting Jakarta Connectors Subsystem (WildFly/IronJacamar 3.0.8.Final)
2024-04-18 14:36:45,131 INFO  [org.jboss.as.connector.subsystems.datasources] (ServerService Thread Pool -- 44) WFLYJCA0004: Deploying JDBC-compliant driver class org.h2.Driver (version 2.2)
2024-04-18 14:36:45,160 INFO  [org.wildfly.extension.undertow] (MSC service thread 1-1) WFLYUT0003: Undertow 2.3.12.Final starting
2024-04-18 14:36:45,168 INFO  [org.jboss.remoting] (MSC service thread 1-3) JBoss Remoting version 5.0.28.Final
2024-04-18 14:36:45,202 INFO  [org.jboss.as.connector.deployers.jdbc] (MSC service thread 1-1) WFLYJCA0018: Started Driver service with driver-name = h2
2024-04-18 14:36:45,213 INFO  [org.jboss.as.naming] (MSC service thread 1-8) WFLYNAM0003: Starting Naming Service
2024-04-18 14:36:45,215 INFO  [org.jboss.as.mail.extension] (MSC service thread 1-8) WFLYMAIL0001: Bound mail session [java:jboss/mail/Default]
2024-04-18 14:36:45,265 WARN  [org.wildfly.extension.elytron] (MSC service thread 1-1) WFLYELY00023: KeyStore file 'C:\Users\Aluno\Desktop\Nova pasta\avaliador-alunos\wildfly-31.0.1.Final\standalone\configuration\application.keystore' does not exist. Used blank.
2024-04-18 14:36:45,329 WARN  [org.wildfly.extension.elytron] (MSC service thread 1-4) WFLYELY01084: KeyStore C:\Users\Aluno\Desktop\Nova pasta\avaliador-alunos\wildfly-31.0.1.Final\standalone\configuration\application.keystore not found, it will be auto-generated on first use with a self-signed certificate for host localhost
2024-04-18 14:36:45,347 INFO  [org.wildfly.extension.undertow] (ServerService Thread Pool -- 75) WFLYUT0014: Creating file handler for path 'C:\Users\Aluno\Desktop\Nova pasta\avaliador-alunos\wildfly-31.0.1.Final/welcome-content' with options [directory-listing: 'false', follow-symlink: 'false', case-sensitive: 'true', safe-symlink-paths: '[]']
2024-04-18 14:36:45,388 INFO  [org.jboss.as.ejb3] (MSC service thread 1-8) WFLYEJB0482: Strict pool mdb-strict-max-pool is using a max instance size of 24 (per class), which is derived from the number of CPUs on this host.
2024-04-18 14:36:45,388 INFO  [org.jboss.as.ejb3] (MSC service thread 1-3) WFLYEJB0481: Strict pool slsb-strict-max-pool is using a max instance size of 96 (per class), which is derived from thread worker pool sizing.
2024-04-18 14:36:45,396 INFO  [org.wildfly.extension.undertow] (MSC service thread 1-8) WFLYUT0012: Started server default-server.
2024-04-18 14:36:45,398 INFO  [org.wildfly.extension.undertow] (MSC service thread 1-8) Queuing requests.
2024-04-18 14:36:45,401 INFO  [org.wildfly.extension.undertow] (MSC service thread 1-8) WFLYUT0018: Host default-host starting
2024-04-18 14:36:45,560 INFO  [org.wildfly.extension.undertow] (MSC service thread 1-6) WFLYUT0006: Undertow HTTP listener default listening on 127.0.0.1:8080
2024-04-18 14:36:45,675 INFO  [org.wildfly.extension.undertow] (MSC service thread 1-1) WFLYUT0006: Undertow HTTPS listener https listening on 127.0.0.1:8443
2024-04-18 14:36:45,764 INFO  [org.jboss.as.server.deployment.scanner] (MSC service thread 1-7) WFLYDS0013: Started FileSystemDeploymentService for directory C:\Users\Aluno\Desktop\Nova pasta\avaliador-alunos\wildfly-31.0.1.Final\standalone\deployments
2024-04-18 14:36:45,783 INFO  [org.jboss.as.ejb3] (MSC service thread 1-7) WFLYEJB0493: Jakarta Enterprise Beans subsystem suspension complete
2024-04-18 14:36:45,870 INFO  [org.jboss.as.connector.subsystems.datasources] (MSC service thread 1-8) WFLYJCA0001: Bound data source [java:jboss/datasources/ExampleDS]
2024-04-18 14:36:45,882 INFO  [org.jboss.ws.common.management] (MSC service thread 1-2) JBWS022052: Starting JBossWS 7.0.0.Final (Apache CXF 4.0.0) 
2024-04-18 14:36:46,028 INFO  [org.jboss.as.server] (Controller Boot Thread) WFLYSRV0212: Resuming server
2024-04-18 14:36:46,033 INFO  [org.jboss.as] (Controller Boot Thread) WFLYSRV0060: Http management interface listening on http://127.0.0.1:9990/management
2024-04-18 14:36:46,034 INFO  [org.jboss.as] (Controller Boot Thread) WFLYSRV0051: Admin console listening on http://127.0.0.1:9990
2024-04-18 14:36:46,037 INFO  [org.jboss.as] (Controller Boot Thread) WFLYSRV0025: WildFly Full 31.0.1.Final (WildFly Core 23.0.3.Final) started in 4205ms - Started 280 of 522 services (317 services are lazy, passive or on-demand) - Server configuration file in use: standalone.xml
2024-04-18 14:36:47,508 INFO  [org.jboss.as.server.deployment] (MSC service thread 1-5) WFLYSRV0027: Starting deployment of "avaliador-alunos" (runtime-name: "avaliador-alunos.war")
2024-04-18 14:36:48,191 WARN  [org.jboss.modules.define] (MSC service thread 1-3) Failed to define class javax.servlet.jsp.jstl.tlv.PermittedTaglibsTLV in Module "deployment.avaliador-alunos.war" from Service Module Loader: java.lang.NoClassDefFoundError: Failed to link javax/servlet/jsp/jstl/tlv/PermittedTaglibsTLV (Module "deployment.avaliador-alunos.war" from Service Module Loader): javax/servlet/jsp/tagext/TagLibraryValidator
	at java.base/java.lang.ClassLoader.defineClass1(Native Method)
	at java.base/java.lang.ClassLoader.defineClass(ClassLoader.java:1027)
	at java.base/java.lang.ClassLoader.defineClass(ClassLoader.java:1105)
	at org.jboss.modules.ModuleClassLoader.doDefineOrLoadClass(ModuleClassLoader.java:351)
	at org.jboss.modules.ModuleClassLoader.defineClass(ModuleClassLoader.java:482)
	at org.jboss.modules.ModuleClassLoader.loadClassLocal(ModuleClassLoader.java:276)
	at org.jboss.modules.ModuleClassLoader$1.loadClassLocal(ModuleClassLoader.java:79)
	at org.jboss.modules.Module.loadModuleClass(Module.java:765)
	at org.jboss.modules.ModuleClassLoader.findClass(ModuleClassLoader.java:192)
	at org.jboss.modules.ConcurrentClassLoader.performLoadClassUnchecked(ConcurrentClassLoader.java:410)
	at org.jboss.modules.ConcurrentClassLoader.performLoadClass(ConcurrentClassLoader.java:398)
	at org.jboss.modules.ConcurrentClassLoader.loadClass(ConcurrentClassLoader.java:116)
	at java.base/java.lang.Class.forName0(Native Method)
	at java.base/java.lang.Class.forName(Class.java:534)
	at java.base/java.lang.Class.forName(Class.java:513)
	at org.jboss.as.ee@31.0.1.Final//org.jboss.as.ee.utils.ClassLoadingUtils.loadClass(ClassLoadingUtils.java:26)
	at org.jboss.as.ee@31.0.1.Final//org.jboss.as.ee.utils.ClassLoadingUtils.loadClass(ClassLoadingUtils.java:19)
	at org.jboss.as.ee@31.0.1.Final//org.jboss.as.ee.component.deployers.InterceptorAnnotationProcessor.processComponentConfig(InterceptorAnnotationProcessor.java:67)
	at org.jboss.as.ee@31.0.1.Final//org.jboss.as.ee.component.deployers.InterceptorAnnotationProcessor.deploy(InterceptorAnnotationProcessor.java:60)
	at org.jboss.as.server@23.0.3.Final//org.jboss.as.server.deployment.DeploymentUnitPhaseService.start(DeploymentUnitPhaseService.java:172)
	at org.jboss.msc@1.5.2.Final//org.jboss.msc.service.ServiceControllerImpl$StartTask.startService(ServiceControllerImpl.java:1617)
	at org.jboss.msc@1.5.2.Final//org.jboss.msc.service.ServiceControllerImpl$StartTask.execute(ServiceControllerImpl.java:1580)
	at org.jboss.msc@1.5.2.Final//org.jboss.msc.service.ServiceControllerImpl$ControllerTask.run(ServiceControllerImpl.java:1438)
	at org.jboss.threads@2.4.0.Final//org.jboss.threads.ContextClassLoaderSavingRunnable.run(ContextClassLoaderSavingRunnable.java:35)
	at org.jboss.threads@2.4.0.Final//org.jboss.threads.EnhancedQueueExecutor.safeRun(EnhancedQueueExecutor.java:1990)
	at org.jboss.threads@2.4.0.Final//org.jboss.threads.EnhancedQueueExecutor$ThreadBody.doRunTask(EnhancedQueueExecutor.java:1486)
	at org.jboss.threads@2.4.0.Final//org.jboss.threads.EnhancedQueueExecutor$ThreadBody.run(EnhancedQueueExecutor.java:1377)
	at java.base/java.lang.Thread.run(Thread.java:1583)

2024-04-18 14:36:48,241 WARN  [org.jboss.modules.define] (MSC service thread 1-3) Failed to define class javax.servlet.jsp.jstl.tlv.ScriptFreeTLV in Module "deployment.avaliador-alunos.war" from Service Module Loader: java.lang.NoClassDefFoundError: Failed to link javax/servlet/jsp/jstl/tlv/ScriptFreeTLV (Module "deployment.avaliador-alunos.war" from Service Module Loader): javax/servlet/jsp/tagext/TagLibraryValidator
	at java.base/java.lang.ClassLoader.defineClass1(Native Method)
	at java.base/java.lang.ClassLoader.defineClass(ClassLoader.java:1027)
	at java.base/java.lang.ClassLoader.defineClass(ClassLoader.java:1105)
	at org.jboss.modules.ModuleClassLoader.doDefineOrLoadClass(ModuleClassLoader.java:351)
	at org.jboss.modules.ModuleClassLoader.defineClass(ModuleClassLoader.java:482)
	at org.jboss.modules.ModuleClassLoader.loadClassLocal(ModuleClassLoader.java:276)
	at org.jboss.modules.ModuleClassLoader$1.loadClassLocal(ModuleClassLoader.java:79)
	at org.jboss.modules.Module.loadModuleClass(Module.java:765)
	at org.jboss.modules.ModuleClassLoader.findClass(ModuleClassLoader.java:192)
	at org.jboss.modules.ConcurrentClassLoader.performLoadClassUnchecked(ConcurrentClassLoader.java:410)
	at org.jboss.modules.ConcurrentClassLoader.performLoadClass(ConcurrentClassLoader.java:398)
	at org.jboss.modules.ConcurrentClassLoader.loadClass(ConcurrentClassLoader.java:116)
	at java.base/java.lang.Class.forName0(Native Method)
	at java.base/java.lang.Class.forName(Class.java:534)
	at java.base/java.lang.Class.forName(Class.java:513)
	at org.jboss.as.ee@31.0.1.Final//org.jboss.as.ee.utils.ClassLoadingUtils.loadClass(ClassLoadingUtils.java:26)
	at org.jboss.as.ee@31.0.1.Final//org.jboss.as.ee.utils.ClassLoadingUtils.loadClass(ClassLoadingUtils.java:19)
	at org.jboss.as.ee@31.0.1.Final//org.jboss.as.ee.component.deployers.InterceptorAnnotationProcessor.processComponentConfig(InterceptorAnnotationProcessor.java:67)
	at org.jboss.as.ee@31.0.1.Final//org.jboss.as.ee.component.deployers.InterceptorAnnotationProcessor.deploy(InterceptorAnnotationProcessor.java:60)
	at org.jboss.as.server@23.0.3.Final//org.jboss.as.server.deployment.DeploymentUnitPhaseService.start(DeploymentUnitPhaseService.java:172)
	at org.jboss.msc@1.5.2.Final//org.jboss.msc.service.ServiceControllerImpl$StartTask.startService(ServiceControllerImpl.java:1617)
	at org.jboss.msc@1.5.2.Final//org.jboss.msc.service.ServiceControllerImpl$StartTask.execute(ServiceControllerImpl.java:1580)
	at org.jboss.msc@1.5.2.Final//org.jboss.msc.service.ServiceControllerImpl$ControllerTask.run(ServiceControllerImpl.java:1438)
	at org.jboss.threads@2.4.0.Final//org.jboss.threads.ContextClassLoaderSavingRunnable.run(ContextClassLoaderSavingRunnable.java:35)
	at org.jboss.threads@2.4.0.Final//org.jboss.threads.EnhancedQueueExecutor.safeRun(EnhancedQueueExecutor.java:1990)
	at org.jboss.threads@2.4.0.Final//org.jboss.threads.EnhancedQueueExecutor$ThreadBody.doRunTask(EnhancedQueueExecutor.java:1486)
	at org.jboss.threads@2.4.0.Final//org.jboss.threads.EnhancedQueueExecutor$ThreadBody.run(EnhancedQueueExecutor.java:1377)
	at java.base/java.lang.Thread.run(Thread.java:1583)

2024-04-18 14:36:48,398 WARN  [org.jboss.modules.define] (MSC service thread 1-4) Failed to define class javax.servlet.jsp.jstl.tlv.PermittedTaglibsTLV in Module "deployment.avaliador-alunos.war" from Service Module Loader: java.lang.NoClassDefFoundError: Failed to link javax/servlet/jsp/jstl/tlv/PermittedTaglibsTLV (Module "deployment.avaliador-alunos.war" from Service Module Loader): javax/servlet/jsp/tagext/TagLibraryValidator
	at java.base/java.lang.ClassLoader.defineClass1(Native Method)
	at java.base/java.lang.ClassLoader.defineClass(ClassLoader.java:1027)
	at java.base/java.lang.ClassLoader.defineClass(ClassLoader.java:1105)
	at org.jboss.modules.ModuleClassLoader.doDefineOrLoadClass(ModuleClassLoader.java:351)
	at org.jboss.modules.ModuleClassLoader.defineClass(ModuleClassLoader.java:482)
	at org.jboss.modules.ModuleClassLoader.loadClassLocal(ModuleClassLoader.java:276)
	at org.jboss.modules.ModuleClassLoader$1.loadClassLocal(ModuleClassLoader.java:79)
	at org.jboss.modules.Module.loadModuleClass(Module.java:765)
	at org.jboss.modules.ModuleClassLoader.findClass(ModuleClassLoader.java:192)
	at org.jboss.modules.ConcurrentClassLoader.performLoadClassUnchecked(ConcurrentClassLoader.java:410)
	at org.jboss.modules.ConcurrentClassLoader.performLoadClass(ConcurrentClassLoader.java:398)
	at org.jboss.modules.ConcurrentClassLoader.loadClass(ConcurrentClassLoader.java:116)
	at java.base/java.lang.Class.forName0(Native Method)
	at java.base/java.lang.Class.forName(Class.java:534)
	at java.base/java.lang.Class.forName(Class.java:513)
	at org.jboss.as.ee@31.0.1.Final//org.jboss.as.ee.utils.ClassLoadingUtils.loadClass(ClassLoadingUtils.java:26)
	at org.jboss.as.ee@31.0.1.Final//org.jboss.as.ee.component.deployers.EEModuleConfigurationProcessor.deploy(EEModuleConfigurationProcessor.java:63)
	at org.jboss.as.server@23.0.3.Final//org.jboss.as.server.deployment.DeploymentUnitPhaseService.start(DeploymentUnitPhaseService.java:172)
	at org.jboss.msc@1.5.2.Final//org.jboss.msc.service.ServiceControllerImpl$StartTask.startService(ServiceControllerImpl.java:1617)
	at org.jboss.msc@1.5.2.Final//org.jboss.msc.service.ServiceControllerImpl$StartTask.execute(ServiceControllerImpl.java:1580)
	at org.jboss.msc@1.5.2.Final//org.jboss.msc.service.ServiceControllerImpl$ControllerTask.run(ServiceControllerImpl.java:1438)
	at org.jboss.threads@2.4.0.Final//org.jboss.threads.ContextClassLoaderSavingRunnable.run(ContextClassLoaderSavingRunnable.java:35)
	at org.jboss.threads@2.4.0.Final//org.jboss.threads.EnhancedQueueExecutor.safeRun(EnhancedQueueExecutor.java:1990)
	at org.jboss.threads@2.4.0.Final//org.jboss.threads.EnhancedQueueExecutor$ThreadBody.doRunTask(EnhancedQueueExecutor.java:1486)
	at org.jboss.threads@2.4.0.Final//org.jboss.threads.EnhancedQueueExecutor$ThreadBody.run(EnhancedQueueExecutor.java:1363)
	at java.base/java.lang.Thread.run(Thread.java:1583)

2024-04-18 14:36:48,399 WARN  [org.jboss.as.ee] (MSC service thread 1-4) WFLYEE0007: Not installing optional component javax.servlet.jsp.jstl.tlv.PermittedTaglibsTLV due to an exception (enable DEBUG log level to see the cause)
2024-04-18 14:36:48,432 WARN  [org.jboss.modules.define] (MSC service thread 1-4) Failed to define class javax.servlet.jsp.jstl.tlv.ScriptFreeTLV in Module "deployment.avaliador-alunos.war" from Service Module Loader: java.lang.NoClassDefFoundError: Failed to link javax/servlet/jsp/jstl/tlv/ScriptFreeTLV (Module "deployment.avaliador-alunos.war" from Service Module Loader): javax/servlet/jsp/tagext/TagLibraryValidator
	at java.base/java.lang.ClassLoader.defineClass1(Native Method)
	at java.base/java.lang.ClassLoader.defineClass(ClassLoader.java:1027)
	at java.base/java.lang.ClassLoader.defineClass(ClassLoader.java:1105)
	at org.jboss.modules.ModuleClassLoader.doDefineOrLoadClass(ModuleClassLoader.java:351)
	at org.jboss.modules.ModuleClassLoader.defineClass(ModuleClassLoader.java:482)
	at org.jboss.modules.ModuleClassLoader.loadClassLocal(ModuleClassLoader.java:276)
	at org.jboss.modules.ModuleClassLoader$1.loadClassLocal(ModuleClassLoader.java:79)
	at org.jboss.modules.Module.loadModuleClass(Module.java:765)
	at org.jboss.modules.ModuleClassLoader.findClass(ModuleClassLoader.java:192)
	at org.jboss.modules.ConcurrentClassLoader.performLoadClassUnchecked(ConcurrentClassLoader.java:410)
	at org.jboss.modules.ConcurrentClassLoader.performLoadClass(ConcurrentClassLoader.java:398)
	at org.jboss.modules.ConcurrentClassLoader.loadClass(ConcurrentClassLoader.java:116)
	at java.base/java.lang.Class.forName0(Native Method)
	at java.base/java.lang.Class.forName(Class.java:534)
	at java.base/java.lang.Class.forName(Class.java:513)
	at org.jboss.as.ee@31.0.1.Final//org.jboss.as.ee.utils.ClassLoadingUtils.loadClass(ClassLoadingUtils.java:26)
	at org.jboss.as.ee@31.0.1.Final//org.jboss.as.ee.component.deployers.EEModuleConfigurationProcessor.deploy(EEModuleConfigurationProcessor.java:63)
	at org.jboss.as.server@23.0.3.Final//org.jboss.as.server.deployment.DeploymentUnitPhaseService.start(DeploymentUnitPhaseService.java:172)
	at org.jboss.msc@1.5.2.Final//org.jboss.msc.service.ServiceControllerImpl$StartTask.startService(ServiceControllerImpl.java:1617)
	at org.jboss.msc@1.5.2.Final//org.jboss.msc.service.ServiceControllerImpl$StartTask.execute(ServiceControllerImpl.java:1580)
	at org.jboss.msc@1.5.2.Final//org.jboss.msc.service.ServiceControllerImpl$ControllerTask.run(ServiceControllerImpl.java:1438)
	at org.jboss.threads@2.4.0.Final//org.jboss.threads.ContextClassLoaderSavingRunnable.run(ContextClassLoaderSavingRunnable.java:35)
	at org.jboss.threads@2.4.0.Final//org.jboss.threads.EnhancedQueueExecutor.safeRun(EnhancedQueueExecutor.java:1990)
	at org.jboss.threads@2.4.0.Final//org.jboss.threads.EnhancedQueueExecutor$ThreadBody.doRunTask(EnhancedQueueExecutor.java:1486)
	at org.jboss.threads@2.4.0.Final//org.jboss.threads.EnhancedQueueExecutor$ThreadBody.run(EnhancedQueueExecutor.java:1363)
	at java.base/java.lang.Thread.run(Thread.java:1583)

2024-04-18 14:36:48,433 WARN  [org.jboss.as.ee] (MSC service thread 1-4) WFLYEE0007: Not installing optional component javax.servlet.jsp.jstl.tlv.ScriptFreeTLV due to an exception (enable DEBUG log level to see the cause)
2024-04-18 14:36:48,525 INFO  [org.jboss.as.connector.deployers.jdbc] (MSC service thread 1-4) WFLYJCA0005: Deploying non-JDBC-compliant driver class org.postgresql.Driver (version 42.7)
2024-04-18 14:36:48,575 INFO  [org.jboss.as.connector.deployers.jdbc] (MSC service thread 1-8) WFLYJCA0018: Started Driver service with driver-name = avaliador-alunos.war_org.postgresql.Driver_42_7
2024-04-18 14:36:48,784 INFO  [org.wildfly.extension.undertow] (ServerService Thread Pool -- 81) WFLYUT0021: Registered web context: '/avaliador-alunos' for server 'default-server'
2024-04-18 14:36:48,850 INFO  [org.jboss.as.server] (management-handler-thread - 1) WFLYSRV0010: Deployed "avaliador-alunos" (runtime-name : "avaliador-alunos.war")
