2024-04-18 14:06:48,733 INFO  [org.jboss.modules] (main) JBoss Modules version 2.1.2.Final
2024-04-18 14:06:49,624 INFO  [org.jboss.msc] (main) JBoss MSC version 1.5.2.Final
2024-04-18 14:06:49,644 INFO  [org.jboss.threads] (main) JBoss Threads version 2.4.0.Final
2024-04-18 14:06:49,788 INFO  [org.jboss.as] (MSC service thread 1-2) WFLYSRV0049: WildFly Full 31.0.1.Final (WildFly Core 23.0.3.Final) starting
2024-04-18 14:06:49,791 DEBUG [org.jboss.as.config] (MSC service thread 1-2) Configured system properties:
	file.encoding = UTF-8
	file.separator = \
	java.awt.headless = true
	java.class.path = C:\Users\Aluno\Desktop\Nova pasta\avaliador-alunos\wildfly-31.0.1.Final\jboss-modules.jar
	java.class.version = 65.0
	java.home = C:\Program Files\Microsoft\jdk-21.0.2.13-hotspot
	java.io.tmpdir = C:\Users\Aluno\AppData\Local\Temp\
	java.library.path = C:\Program Files\Microsoft\jdk-21.0.2.13-hotspot\bin;C:\Windows\Sun\Java\bin;C:\Windows\system32;C:\Windows;C:\Program Files\Microsoft\jdk-21.0.2.13-hotspot\bin;C:\Program Files\Microsoft\jdk-17.0.10.7-hotspot\bin;C:\Program Files (x86)\Common Files\Oracle\Java\javapath;C:\Windows\system32;C:\Windows;C:\Windows\System32\Wbem;C:\Windows\System32\WindowsPowerShell\v1.0\;C:\Windows\System32\OpenSSH\;C:\Program Files\SQL Anywhere 16\Bin64;C:\Program Files\SQL Anywhere 16\Bin32;C:\Program Files\SQL Anywhere 17\Bin64;C:\Program Files\SQL Anywhere 17\Bin32;C:\Program Files\SQL Anywhere 17\Scripts;C:\Program Files\Docker\Docker\resources\bin;C:\flutter\bin;C:\Program Files\Git\cmd;C:\Program Files\Microsoft VS Code\bin;C:\Program Files\PowerShell\7\;C:\Users\Aluno\AppData\Local\Microsoft\WindowsApps;;.
	java.net.preferIPv4Stack = true
	java.runtime.name = OpenJDK Runtime Environment
	java.runtime.version = 21.0.2+13-LTS
	java.security.manager = allow
	java.specification.name = Java Platform API Specification
	java.specification.vendor = Oracle Corporation
	java.specification.version = 21
	java.util.logging.manager = org.jboss.logmanager.LogManager
	java.vendor = Microsoft
	java.vendor.url = https://www.microsoft.com
	java.vendor.url.bug = https://github.com/microsoft/openjdk/issues
	java.vendor.version = Microsoft-8905927
	java.version = 21.0.2
	java.version.date = 2024-01-16
	java.vm.compressedOopsMode = 32-bit
	java.vm.info = mixed mode, sharing
	java.vm.name = OpenJDK 64-Bit Server VM
	java.vm.specification.name = Java Virtual Machine Specification
	java.vm.specification.vendor = Oracle Corporation
	java.vm.specification.version = 21
	java.vm.vendor = Microsoft
	java.vm.version = 21.0.2+13-LTS
	javax.management.builder.initial = org.jboss.as.jmx.PluggableMBeanServerBuilder
	jboss.home.dir = C:\Users\Aluno\Desktop\Nova pasta\avaliador-alunos\wildfly-31.0.1.Final
	jboss.host.name = cpufsm-295401
	jboss.modules.system.pkgs = org.jboss.byteman
	jboss.node.name = cpufsm-295401
	jboss.qualified.host.name = cpufsm-295401
	jboss.server.base.dir = C:\Users\Aluno\Desktop\Nova pasta\avaliador-alunos\wildfly-31.0.1.Final\standalone
	jboss.server.config.dir = C:\Users\Aluno\Desktop\Nova pasta\avaliador-alunos\wildfly-31.0.1.Final\standalone\configuration
	jboss.server.data.dir = C:\Users\Aluno\Desktop\Nova pasta\avaliador-alunos\wildfly-31.0.1.Final\standalone\data
	jboss.server.log.dir = C:\Users\Aluno\Desktop\Nova pasta\avaliador-alunos\wildfly-31.0.1.Final\standalone\log
	jboss.server.name = cpufsm-295401
	jboss.server.persist.config = true
	jboss.server.temp.dir = C:\Users\Aluno\Desktop\Nova pasta\avaliador-alunos\wildfly-31.0.1.Final\standalone\tmp
	jdk.debug = release
	jdk.serialFilter = maxbytes=10485760;maxdepth=128;maxarray=100000;maxrefs=300000
	line.separator = 

	logging.configuration = file:C:\Users\Aluno\Desktop\Nova pasta\avaliador-alunos\wildfly-31.0.1.Final\standalone\configuration/logging.properties
	module.path = C:\Users\Aluno\Desktop\Nova pasta\avaliador-alunos\wildfly-31.0.1.Final\modules
	native.encoding = Cp1252
	org.jboss.boot.log.file = C:\Users\Aluno\Desktop\Nova pasta\avaliador-alunos\wildfly-31.0.1.Final\standalone\log\server.log
	org.jboss.resolver.warning = true
	os.arch = amd64
	os.name = Windows 10
	os.version = 10.0
	path.separator = ;
	program.name = standalone.bat
	stderr.encoding = Cp1252
	stdout.encoding = Cp1252
	sun.arch.data.model = 64
	sun.boot.library.path = C:\Program Files\Microsoft\jdk-21.0.2.13-hotspot\bin
	sun.cpu.endian = little
	sun.cpu.isalist = amd64
	sun.io.unicode.encoding = UnicodeLittle
	sun.java.command = C:\Users\Aluno\Desktop\Nova pasta\avaliador-alunos\wildfly-31.0.1.Final\jboss-modules.jar -mp C:\Users\Aluno\Desktop\Nova pasta\avaliador-alunos\wildfly-31.0.1.Final\modules org.jboss.as.standalone -Djboss.home.dir=C:\Users\Aluno\Desktop\Nova pasta\avaliador-alunos\wildfly-31.0.1.Final
	sun.java.launcher = SUN_STANDARD
	sun.jnu.encoding = Cp1252
	sun.management.compiler = HotSpot 64-Bit Tiered Compilers
	sun.os.patch.level = 
	user.country = BR
	user.dir = C:\Users\Aluno\Desktop\Nova pasta\avaliador-alunos\wildfly-31.0.1.Final\bin
	user.home = C:\Users\Aluno
	user.language = pt
	user.name = Aluno
	user.script = 
	user.timezone = America/Sao_Paulo
	user.variant = 
2024-04-18 14:06:49,797 DEBUG [org.jboss.as.config] (MSC service thread 1-2) VM Arguments: -Dprogram.name=standalone.bat -Xms64M -Xmx512M -XX:MetaspaceSize=96M -XX:MaxMetaspaceSize=256m -Djava.net.preferIPv4Stack=true -Djboss.modules.system.pkgs=org.jboss.byteman -Djava.awt.headless=true -Djdk.serialFilter=maxbytes=10485760;maxdepth=128;maxarray=100000;maxrefs=300000 --add-exports=java.desktop/sun.awt=ALL-UNNAMED --add-exports=java.naming/com.sun.jndi.ldap=ALL-UNNAMED --add-exports=java.naming/com.sun.jndi.url.ldap=ALL-UNNAMED --add-exports=java.naming/com.sun.jndi.url.ldaps=ALL-UNNAMED --add-exports=jdk.naming.dns/com.sun.jndi.dns=ALL-UNNAMED --add-opens=java.base/java.lang=ALL-UNNAMED --add-opens=java.base/java.lang.invoke=ALL-UNNAMED --add-opens=java.base/java.lang.reflect=ALL-UNNAMED --add-opens=java.base/java.io=ALL-UNNAMED --add-opens=java.base/java.net=ALL-UNNAMED --add-opens=java.base/java.security=ALL-UNNAMED --add-opens=java.base/java.util=ALL-UNNAMED --add-opens=java.base/java.util.concurrent=ALL-UNNAMED --add-opens=java.management/javax.management=ALL-UNNAMED --add-opens=java.naming/javax.naming=ALL-UNNAMED -Djava.security.manager=allow -Dorg.jboss.boot.log.file=C:\Users\Aluno\Desktop\Nova pasta\avaliador-alunos\wildfly-31.0.1.Final\standalone\log\server.log -Dlogging.configuration=file:C:\Users\Aluno\Desktop\Nova pasta\avaliador-alunos\wildfly-31.0.1.Final\standalone\configuration/logging.properties 
2024-04-18 14:06:50,787 INFO  [org.wildfly.security] (ServerService Thread Pool -- 28) ELY00001: WildFly Elytron version 2.2.3.Final
2024-04-18 14:06:51,488 INFO  [org.jboss.as.controller.management-deprecated] (ServerService Thread Pool -- 12) WFLYCTL0028: Attribute 'cluster' in the resource at address '/subsystem=ejb3/service=remote' is deprecated, and may be removed in a future version. See the attribute description in the output of the read-resource-description operation to learn more about the deprecation.
2024-04-18 14:06:51,541 INFO  [org.jboss.as.server] (Controller Boot Thread) WFLYSRV0039: Creating http management service using socket-binding (management-http)
2024-04-18 14:06:51,558 INFO  [org.xnio] (MSC service thread 1-8) XNIO version 3.8.13.Final
2024-04-18 14:06:51,564 INFO  [org.xnio.nio] (MSC service thread 1-8) XNIO NIO Implementation Version 3.8.13.Final
2024-04-18 14:06:51,599 INFO  [org.wildfly.extension.elytron.oidc._private] (ServerService Thread Pool -- 53) WFLYOIDC0001: Activating WildFly Elytron OIDC Subsystem
2024-04-18 14:06:51,603 INFO  [org.jboss.as.clustering.infinispan] (ServerService Thread Pool -- 55) WFLYCLINF0001: Activating Infinispan subsystem.
2024-04-18 14:06:51,605 INFO  [org.wildfly.extension.health] (ServerService Thread Pool -- 54) WFLYHEALTH0001: Activating Base Health Subsystem
2024-04-18 14:06:51,608 WARN  [org.jboss.as.txn] (ServerService Thread Pool -- 74) WFLYTX0013: The node-identifier attribute on the /subsystem=transactions is set to the default value. This is a danger for environments running multiple servers. Please make sure the attribute value is unique.
2024-04-18 14:06:51,610 INFO  [org.wildfly.extension.microprofile.jwt.smallrye] (ServerService Thread Pool -- 66) WFLYJWT0001: Activating MicroProfile JWT Subsystem
2024-04-18 14:06:51,611 INFO  [org.wildfly.extension.microprofile.config.smallrye] (ServerService Thread Pool -- 65) WFLYCONF0001: Activating MicroProfile Config Subsystem
2024-04-18 14:06:51,621 INFO  [org.jboss.as.jaxrs] (ServerService Thread Pool -- 57) WFLYRS0016: RESTEasy version 6.2.7.Final
2024-04-18 14:06:51,628 INFO  [org.jboss.as.jsf] (ServerService Thread Pool -- 62) WFLYJSF0007: Activated the following Jakarta Server Faces Implementations: [main]
2024-04-18 14:06:51,651 INFO  [org.wildfly.extension.metrics] (ServerService Thread Pool -- 64) WFLYMETRICS0001: Activating Base Metrics Subsystem
2024-04-18 14:06:51,654 INFO  [org.jboss.as.naming] (ServerService Thread Pool -- 67) WFLYNAM0001: Activating Naming Subsystem
2024-04-18 14:06:51,655 INFO  [org.jboss.as.webservices] (ServerService Thread Pool -- 76) WFLYWS0002: Activating WebServices Extension
2024-04-18 14:06:51,671 INFO  [org.jboss.as.connector] (MSC service thread 1-7) WFLYJCA0009: Starting Jakarta Connectors Subsystem (WildFly/IronJacamar 3.0.8.Final)
2024-04-18 14:06:51,676 INFO  [org.wildfly.extension.io] (ServerService Thread Pool -- 56) WFLYIO001: Worker 'default' has auto-configured to 12 IO threads with 96 max task threads based on your 6 available processors
2024-04-18 14:06:51,818 INFO  [org.jboss.as.connector.subsystems.datasources] (ServerService Thread Pool -- 44) WFLYJCA0004: Deploying JDBC-compliant driver class org.h2.Driver (version 2.2)
2024-04-18 14:06:51,894 INFO  [org.jboss.as.connector.deployers.jdbc] (MSC service thread 1-8) WFLYJCA0018: Started Driver service with driver-name = h2
2024-04-18 14:06:51,895 INFO  [org.wildfly.extension.undertow] (MSC service thread 1-4) WFLYUT0003: Undertow 2.3.12.Final starting
2024-04-18 14:06:51,897 INFO  [org.jboss.as.naming] (MSC service thread 1-4) WFLYNAM0003: Starting Naming Service
2024-04-18 14:06:52,038 INFO  [org.jboss.as.mail.extension] (MSC service thread 1-6) WFLYMAIL0001: Bound mail session [java:jboss/mail/Default]
2024-04-18 14:06:52,041 INFO  [org.jboss.remoting] (MSC service thread 1-7) JBoss Remoting version 5.0.28.Final
2024-04-18 14:06:52,128 WARN  [org.wildfly.extension.elytron] (MSC service thread 1-4) WFLYELY00023: KeyStore file 'C:\Users\Aluno\Desktop\Nova pasta\avaliador-alunos\wildfly-31.0.1.Final\standalone\configuration\application.keystore' does not exist. Used blank.
2024-04-18 14:06:52,244 INFO  [org.jboss.as.ejb3] (MSC service thread 1-4) WFLYEJB0482: Strict pool mdb-strict-max-pool is using a max instance size of 24 (per class), which is derived from the number of CPUs on this host.
2024-04-18 14:06:52,244 INFO  [org.jboss.as.ejb3] (MSC service thread 1-6) WFLYEJB0481: Strict pool slsb-strict-max-pool is using a max instance size of 96 (per class), which is derived from thread worker pool sizing.
2024-04-18 14:06:52,360 WARN  [org.wildfly.extension.elytron] (MSC service thread 1-8) WFLYELY01084: KeyStore C:\Users\Aluno\Desktop\Nova pasta\avaliador-alunos\wildfly-31.0.1.Final\standalone\configuration\application.keystore not found, it will be auto-generated on first use with a self-signed certificate for host localhost
2024-04-18 14:06:52,384 INFO  [org.wildfly.extension.undertow] (ServerService Thread Pool -- 75) WFLYUT0014: Creating file handler for path 'C:\Users\Aluno\Desktop\Nova pasta\avaliador-alunos\wildfly-31.0.1.Final/welcome-content' with options [directory-listing: 'false', follow-symlink: 'false', case-sensitive: 'true', safe-symlink-paths: '[]']
2024-04-18 14:06:52,783 INFO  [org.wildfly.extension.undertow] (MSC service thread 1-7) WFLYUT0012: Started server default-server.
2024-04-18 14:06:52,786 INFO  [org.wildfly.extension.undertow] (MSC service thread 1-7) Queuing requests.
2024-04-18 14:06:52,799 INFO  [org.wildfly.extension.undertow] (MSC service thread 1-7) WFLYUT0018: Host default-host starting
2024-04-18 14:06:52,902 INFO  [org.wildfly.extension.undertow] (MSC service thread 1-6) WFLYUT0006: Undertow HTTP listener default listening on 127.0.0.1:8080
